<?xml version="1.0" encoding="UTF-8"?>
<!-- Generated by org.testng.reporters.JUnitXMLReporter -->
<testsuite ignored="0" hostname="DESKTOP-I39SPR2" failures="0" tests="7" name="Default test" time="84.274" errors="0" timestamp="2022-08-09T09:52:07 IST">
  <testcase classname="GetExamAllureReport.ExamDashReport" name="loginWorkBench" time="2.848"/>
  <testcase classname="GetExamAllureReport.ExamDashReport" name="LoginSalesforce" time="5.568"/>
  <testcase classname="GetExamAllureReport.ExamDashReport" name="ClearUrl" time="4.552"/>
  <testcase classname="GetExamAllureReport.ExamDashReport" name="EnterAPI" time="12.628"/>
  <testcase classname="GetExamAllureReport.ExamDashReport" name="LoginSalesforceValidate" time="2.555"/>
  <testcase classname="GetExamAllureReport.ExamDashReport" name="NavigateObjectOnSalesforce" time="29.927"/>
  <testcase classname="GetExamAllureReport.ExamDashReport" name="VerifyResponseResults" time="20.894"/>
</testsuite> <!-- Default test -->
