<?xml version="1.0" encoding="UTF-8"?>
<testng-results ignored="0" total="4" passed="2" failed="2" skipped="0">
  <reporter-output>
    <line>
      <![CDATA[=============Automate Testing Start============]]>
    </line>
    <line>
      <![CDATA[=============Test name=======:FilterByUpcommingexam7days]]>
    </line>
    <line>
      <![CDATA[Launching chrome browser]]>
    </line>
    <line>
      <![CDATA[Launching the FrontEnd portal]]>
    </line>
    <line>
      <![CDATA[Maximize the Browser]]>
    </line>
    <line>
      <![CDATA[Launching the WorkBench URL]]>
    </line>
    <line>
      <![CDATA[Login to the WorkBench]]>
    </line>
    <line>
      <![CDATA[Connect Workbench & salesforce integrate]]>
    </line>
    <line>
      <![CDATA[Clear the Extra API On the URI]]>
    </line>
    <line>
      <![CDATA[on the api Testing Here We fillter the Exam Complete the 7 days]]>
    </line>
    <line>
      <![CDATA[=============To show the Response came from Salesforce & the record count 6===============]]>
    </line>
    <line>
      <![CDATA[=============RESPONSE FROM THE API===============]]>
    </line>
    <line>
      <![CDATA[=============Completed===============]]>
    </line>
    <line>
      <![CDATA[=============Test name============:]]>
    </line>
    <line>
      <![CDATA[Launching the FrontEnd portal]]>
    </line>
    <line>
      <![CDATA[Maximize the Browser]]>
    </line>
    <line>
      <![CDATA[=============Test name============:]]>
    </line>
    <line>
      <![CDATA[Launching the FrontEnd portal]]>
    </line>
    <line>
      <![CDATA[Maximize the Browser]]>
    </line>
    <line>
      <![CDATA[Launching the WorkBench URL]]>
    </line>
    <line>
      <![CDATA[Login to the WorkBench]]>
    </line>
    <line>
      <![CDATA[Connect Workbench & salesforce integrate]]>
    </line>
    <line>
      <![CDATA[Clear the Extra API On the URI ]]>
    </line>
    <line>
      <![CDATA[on the api Testing Here We fillter the Exam Complete the 7 days ]]>
    </line>
    <line>
      <![CDATA[To show the Response came from Salesforce & the record count 6 ]]>
    </line>
    <line>
      <![CDATA[======================RESPONSE FROM THE API====================]]>
    </line>
  </reporter-output>
  <suite started-at="2022-08-11T11:45:27 IST" name="Default suite" finished-at="2022-08-11T11:47:05 IST" duration-ms="97785">
    <groups>
    </groups>
    <test started-at="2022-08-11T11:45:27 IST" name="Default test" finished-at="2022-08-11T11:47:05 IST" duration-ms="97785">
      <class name="CompleteExamDashBoard.ExamDashBoard">
        <test-method signature="FilterByUpcommingexam7days(java.lang.reflect.Method)[pri:1, instance:CompleteExamDashBoard.ExamDashBoard@74cadd41]" started-at="2022-08-11T11:45:27 IST" name="FilterByUpcommingexam7days" finished-at="2022-08-11T11:46:10 IST" duration-ms="43159" status="PASS">
          <params>
            <param index="0">
              <value>
                <![CDATA[public void CompleteExamDashBoard.ExamDashBoard.FilterByUpcommingexam7days(java.lang.reflect.Method) throws java.lang.InterruptedException]]>
              </value>
            </param>
          </params>
          <reporter-output>
            <line>
              <![CDATA[=============Automate Testing Start============]]>
            </line>
            <line>
              <![CDATA[=============Test name=======:FilterByUpcommingexam7days]]>
            </line>
            <line>
              <![CDATA[Launching chrome browser]]>
            </line>
            <line>
              <![CDATA[Launching the FrontEnd portal]]>
            </line>
            <line>
              <![CDATA[Maximize the Browser]]>
            </line>
            <line>
              <![CDATA[Launching the WorkBench URL]]>
            </line>
            <line>
              <![CDATA[Login to the WorkBench]]>
            </line>
            <line>
              <![CDATA[Connect Workbench & salesforce integrate]]>
            </line>
            <line>
              <![CDATA[Clear the Extra API On the URI]]>
            </line>
            <line>
              <![CDATA[on the api Testing Here We fillter the Exam Complete the 7 days]]>
            </line>
            <line>
              <![CDATA[=============To show the Response came from Salesforce & the record count 6===============]]>
            </line>
            <line>
              <![CDATA[=============RESPONSE FROM THE API===============]]>
            </line>
            <line>
              <![CDATA[=============Completed===============]]>
            </line>
          </reporter-output>
        </test-method> <!-- FilterByUpcommingexam7days -->
        <test-method signature="FilterByUpcommingexam15days(java.lang.reflect.Method)[pri:2, instance:CompleteExamDashBoard.ExamDashBoard@74cadd41]" started-at="2022-08-11T11:46:10 IST" name="FilterByUpcommingexam15days" finished-at="2022-08-11T11:46:14 IST" duration-ms="3221" status="FAIL">
          <params>
            <param index="0">
              <value>
                <![CDATA[public void CompleteExamDashBoard.ExamDashBoard.FilterByUpcommingexam15days(java.lang.reflect.Method) throws java.lang.InterruptedException]]>
              </value>
            </param>
          </params>
          <exception class="org.openqa.selenium.NoSuchElementException">
            <message>
              <![CDATA[no such element: Unable to locate element: {"method":"xpath","selector":"//span[.='Sign In']"}
  (Session info: chrome=104.0.5112.81)
For documentation on this error, please visit: https://www.seleniumhq.org/exceptions/no_such_element.html
Build info: version: '3.141.59', revision: 'e82be7d358', time: '2018-11-14T08:17:03'
System info: host: 'DESKTOP-I39SPR2', ip: '192.168.0.105', os.name: 'Windows 10', os.arch: 'amd64', os.version: '10.0', java.version: '18.0.2'
Driver info: org.openqa.selenium.chrome.ChromeDriver
Capabilities {acceptInsecureCerts: false, browserName: chrome, browserVersion: 104.0.5112.81, chrome: {chromedriverVersion: 104.0.5112.79 (3cf3e8c8a07d..., userDataDir: C:\Users\ADMIN\AppData\Loca...}, goog:chromeOptions: {debuggerAddress: localhost:56551}, javascriptEnabled: true, networkConnectionEnabled: false, pageLoadStrategy: normal, platform: WINDOWS, platformName: WINDOWS, proxy: Proxy(), setWindowRect: true, strictFileInteractability: false, timeouts: {implicit: 0, pageLoad: 300000, script: 30000}, unhandledPromptBehavior: dismiss and notify, webauthn:extension:credBlob: true, webauthn:extension:largeBlob: true, webauthn:virtualAuthenticators: true}
Session ID: 0aa3b740ee5fe09b03805bf89d457a1b
*** Element info: {Using=xpath, value=//span[.='Sign In']}]]>
            </message>
            <full-stacktrace>
              <![CDATA[org.openqa.selenium.NoSuchElementException: no such element: Unable to locate element: {"method":"xpath","selector":"//span[.='Sign In']"}
  (Session info: chrome=104.0.5112.81)
For documentation on this error, please visit: https://www.seleniumhq.org/exceptions/no_such_element.html
Build info: version: '3.141.59', revision: 'e82be7d358', time: '2018-11-14T08:17:03'
System info: host: 'DESKTOP-I39SPR2', ip: '192.168.0.105', os.name: 'Windows 10', os.arch: 'amd64', os.version: '10.0', java.version: '18.0.2'
Driver info: org.openqa.selenium.chrome.ChromeDriver
Capabilities {acceptInsecureCerts: false, browserName: chrome, browserVersion: 104.0.5112.81, chrome: {chromedriverVersion: 104.0.5112.79 (3cf3e8c8a07d..., userDataDir: C:\Users\ADMIN\AppData\Loca...}, goog:chromeOptions: {debuggerAddress: localhost:56551}, javascriptEnabled: true, networkConnectionEnabled: false, pageLoadStrategy: normal, platform: WINDOWS, platformName: WINDOWS, proxy: Proxy(), setWindowRect: true, strictFileInteractability: false, timeouts: {implicit: 0, pageLoad: 300000, script: 30000}, unhandledPromptBehavior: dismiss and notify, webauthn:extension:credBlob: true, webauthn:extension:largeBlob: true, webauthn:virtualAuthenticators: true}
Session ID: 0aa3b740ee5fe09b03805bf89d457a1b
*** Element info: {Using=xpath, value=//span[.='Sign In']}
at java.base/jdk.internal.reflect.DirectConstructorHandleAccessor.newInstance(DirectConstructorHandleAccessor.java:67)
at java.base/java.lang.reflect.Constructor.newInstanceWithCaller(Constructor.java:499)
at java.base/java.lang.reflect.Constructor.newInstance(Constructor.java:483)
at org.openqa.selenium.remote.http.W3CHttpResponseCodec.createException(W3CHttpResponseCodec.java:187)
at org.openqa.selenium.remote.http.W3CHttpResponseCodec.decode(W3CHttpResponseCodec.java:122)
at org.openqa.selenium.remote.http.W3CHttpResponseCodec.decode(W3CHttpResponseCodec.java:49)
at org.openqa.selenium.remote.HttpCommandExecutor.execute(HttpCommandExecutor.java:158)
at org.openqa.selenium.remote.service.DriverCommandExecutor.execute(DriverCommandExecutor.java:83)
at org.openqa.selenium.remote.RemoteWebDriver.execute(RemoteWebDriver.java:552)
at org.openqa.selenium.remote.RemoteWebDriver.findElement(RemoteWebDriver.java:323)
at org.openqa.selenium.remote.RemoteWebDriver.findElementByXPath(RemoteWebDriver.java:428)
at org.openqa.selenium.By$ByXPath.findElement(By.java:353)
at org.openqa.selenium.remote.RemoteWebDriver.findElement(RemoteWebDriver.java:315)
at CompleteExamDashBoard.ExamDashBoard.FilterByUpcommingexam15days(ExamDashBoard.java:242)
at java.base/jdk.internal.reflect.DirectMethodHandleAccessor.invoke(DirectMethodHandleAccessor.java:104)
at java.base/java.lang.reflect.Method.invoke(Method.java:577)
at org.testng.internal.MethodInvocationHelper.invokeMethod(MethodInvocationHelper.java:133)
at org.testng.internal.TestInvoker.invokeMethod(TestInvoker.java:598)
at org.testng.internal.TestInvoker.invokeTestMethod(TestInvoker.java:173)
at org.testng.internal.MethodRunner.runInSequence(MethodRunner.java:46)
at org.testng.internal.TestInvoker$MethodInvocationAgent.invoke(TestInvoker.java:824)
at org.testng.internal.TestInvoker.invokeTestMethods(TestInvoker.java:146)
at org.testng.internal.TestMethodWorker.invokeTestMethods(TestMethodWorker.java:146)
at org.testng.internal.TestMethodWorker.run(TestMethodWorker.java:128)
at java.base/java.util.ArrayList.forEach(ArrayList.java:1511)
at org.testng.TestRunner.privateRun(TestRunner.java:794)
at org.testng.TestRunner.run(TestRunner.java:596)
at org.testng.SuiteRunner.runTest(SuiteRunner.java:377)
at org.testng.SuiteRunner.runSequentially(SuiteRunner.java:371)
at org.testng.SuiteRunner.privateRun(SuiteRunner.java:332)
at org.testng.SuiteRunner.run(SuiteRunner.java:276)
at org.testng.SuiteRunnerWorker.runSuite(SuiteRunnerWorker.java:53)
at org.testng.SuiteRunnerWorker.run(SuiteRunnerWorker.java:96)
at org.testng.TestNG.runSuitesSequentially(TestNG.java:1212)
at org.testng.TestNG.runSuitesLocally(TestNG.java:1134)
at org.testng.TestNG.runSuites(TestNG.java:1063)
at org.testng.TestNG.run(TestNG.java:1031)
at org.testng.remote.AbstractRemoteTestNG.run(AbstractRemoteTestNG.java:115)
at org.testng.remote.RemoteTestNG.initAndRun(RemoteTestNG.java:251)
at org.testng.remote.RemoteTestNG.main(RemoteTestNG.java:77)
]]>
            </full-stacktrace>
          </exception> <!-- org.openqa.selenium.NoSuchElementException -->
          <reporter-output>
            <line>
              <![CDATA[=============Test name============:]]>
            </line>
            <line>
              <![CDATA[Launching the FrontEnd portal]]>
            </line>
            <line>
              <![CDATA[Maximize the Browser]]>
            </line>
          </reporter-output>
        </test-method> <!-- FilterByUpcommingexam15days -->
        <test-method signature="completeExam7Days(java.lang.reflect.Method)[pri:3, instance:CompleteExamDashBoard.ExamDashBoard@74cadd41]" started-at="2022-08-11T11:46:14 IST" name="completeExam7Days" finished-at="2022-08-11T11:47:05 IST" duration-ms="51184" status="PASS">
          <params>
            <param index="0">
              <value>
                <![CDATA[public void CompleteExamDashBoard.ExamDashBoard.completeExam7Days(java.lang.reflect.Method) throws java.lang.InterruptedException]]>
              </value>
            </param>
          </params>
          <reporter-output>
            <line>
              <![CDATA[=============Test name============:]]>
            </line>
            <line>
              <![CDATA[Launching the FrontEnd portal]]>
            </line>
            <line>
              <![CDATA[Maximize the Browser]]>
            </line>
            <line>
              <![CDATA[Launching the WorkBench URL]]>
            </line>
            <line>
              <![CDATA[Login to the WorkBench]]>
            </line>
            <line>
              <![CDATA[Connect Workbench & salesforce integrate]]>
            </line>
            <line>
              <![CDATA[Clear the Extra API On the URI ]]>
            </line>
            <line>
              <![CDATA[on the api Testing Here We fillter the Exam Complete the 7 days ]]>
            </line>
            <line>
              <![CDATA[To show the Response came from Salesforce & the record count 6 ]]>
            </line>
            <line>
              <![CDATA[======================RESPONSE FROM THE API====================]]>
            </line>
          </reporter-output>
        </test-method> <!-- completeExam7Days -->
        <test-method signature="completeExamFilterBy15Days()[pri:4, instance:CompleteExamDashBoard.ExamDashBoard@74cadd41]" started-at="2022-08-11T11:47:05 IST" name="completeExamFilterBy15Days" finished-at="2022-08-11T11:47:05 IST" duration-ms="6" status="FAIL">
          <exception class="java.lang.Error">
            <message>
              <![CDATA[Unresolved compilation problem: 
method cannot be resolved
]]>
            </message>
            <full-stacktrace>
              <![CDATA[java.lang.Error: Unresolved compilation problem: 
method cannot be resolved

at CompleteExamDashBoard.ExamDashBoard.completeExamFilterBy15Days(ExamDashBoard.java:590)
at java.base/jdk.internal.reflect.DirectMethodHandleAccessor.invoke(DirectMethodHandleAccessor.java:104)
at java.base/java.lang.reflect.Method.invoke(Method.java:577)
at org.testng.internal.MethodInvocationHelper.invokeMethod(MethodInvocationHelper.java:133)
at org.testng.internal.TestInvoker.invokeMethod(TestInvoker.java:598)
at org.testng.internal.TestInvoker.invokeTestMethod(TestInvoker.java:173)
at org.testng.internal.MethodRunner.runInSequence(MethodRunner.java:46)
at org.testng.internal.TestInvoker$MethodInvocationAgent.invoke(TestInvoker.java:824)
at org.testng.internal.TestInvoker.invokeTestMethods(TestInvoker.java:146)
at org.testng.internal.TestMethodWorker.invokeTestMethods(TestMethodWorker.java:146)
at org.testng.internal.TestMethodWorker.run(TestMethodWorker.java:128)
at java.base/java.util.ArrayList.forEach(ArrayList.java:1511)
at org.testng.TestRunner.privateRun(TestRunner.java:794)
at org.testng.TestRunner.run(TestRunner.java:596)
at org.testng.SuiteRunner.runTest(SuiteRunner.java:377)
at org.testng.SuiteRunner.runSequentially(SuiteRunner.java:371)
at org.testng.SuiteRunner.privateRun(SuiteRunner.java:332)
at org.testng.SuiteRunner.run(SuiteRunner.java:276)
at org.testng.SuiteRunnerWorker.runSuite(SuiteRunnerWorker.java:53)
at org.testng.SuiteRunnerWorker.run(SuiteRunnerWorker.java:96)
at org.testng.TestNG.runSuitesSequentially(TestNG.java:1212)
at org.testng.TestNG.runSuitesLocally(TestNG.java:1134)
at org.testng.TestNG.runSuites(TestNG.java:1063)
at org.testng.TestNG.run(TestNG.java:1031)
at org.testng.remote.AbstractRemoteTestNG.run(AbstractRemoteTestNG.java:115)
at org.testng.remote.RemoteTestNG.initAndRun(RemoteTestNG.java:251)
at org.testng.remote.RemoteTestNG.main(RemoteTestNG.java:77)
]]>
            </full-stacktrace>
          </exception> <!-- java.lang.Error -->
          <reporter-output>
          </reporter-output>
        </test-method> <!-- completeExamFilterBy15Days -->
      </class> <!-- CompleteExamDashBoard.ExamDashBoard -->
    </test> <!-- Default test -->
  </suite> <!-- Default suite -->
</testng-results>
