<?xml version="1.0" encoding="UTF-8"?>
<testng-results ignored="0" total="7" passed="7" failed="0" skipped="0">
  <reporter-output>
    <line>
      <![CDATA[the respose Of the Exam Completed In 7 days & reocrd Count 4]]>
    </line>
  </reporter-output>
  <suite started-at="2022-08-09T09:50:43 IST" name="Default suite" finished-at="2022-08-09T09:52:07 IST" duration-ms="84274">
    <groups>
    </groups>
    <test started-at="2022-08-09T09:50:43 IST" name="Default test" finished-at="2022-08-09T09:52:07 IST" duration-ms="84274">
      <class name="GetExamAllureReport.ExamDashReport">
        <test-method is-config="true" signature="setup()[pri:0, instance:GetExamAllureReport.ExamDashReport@6cd24612]" started-at="2022-08-09T09:50:43 IST" name="setup" finished-at="2022-08-09T09:50:48 IST" duration-ms="4993" status="PASS">
          <reporter-output>
          </reporter-output>
        </test-method> <!-- setup -->
        <test-method signature="loginWorkBench()[pri:1, instance:GetExamAllureReport.ExamDashReport@6cd24612]" started-at="2022-08-09T09:50:48 IST" name="loginWorkBench" finished-at="2022-08-09T09:50:51 IST" duration-ms="2848" status="PASS">
          <reporter-output>
          </reporter-output>
        </test-method> <!-- loginWorkBench -->
        <test-method is-config="true" signature="afterMethods(org.testng.ITestResult)[pri:0, instance:GetExamAllureReport.ExamDashReport@6cd24612]" started-at="2022-08-09T09:50:51 IST" name="afterMethods" finished-at="2022-08-09T09:50:51 IST" duration-ms="9" status="PASS">
          <params>
            <param index="0">
              <value>
                <![CDATA[[TestResult name=loginWorkBench status=SUCCESS method=ExamDashReport.loginWorkBench()[pri:1, instance:GetExamAllureReport.ExamDashReport@6cd24612] output={null}]]]>
              </value>
            </param>
          </params>
          <reporter-output>
          </reporter-output>
        </test-method> <!-- afterMethods -->
        <test-method signature="LoginSalesforce()[pri:2, instance:GetExamAllureReport.ExamDashReport@6cd24612]" started-at="2022-08-09T09:50:51 IST" name="LoginSalesforce" finished-at="2022-08-09T09:50:56 IST" duration-ms="5568" status="PASS">
          <reporter-output>
          </reporter-output>
        </test-method> <!-- LoginSalesforce -->
        <test-method is-config="true" signature="afterMethods(org.testng.ITestResult)[pri:0, instance:GetExamAllureReport.ExamDashReport@6cd24612]" started-at="2022-08-09T09:50:56 IST" name="afterMethods" finished-at="2022-08-09T09:50:56 IST" duration-ms="2" status="PASS">
          <params>
            <param index="0">
              <value>
                <![CDATA[[TestResult name=LoginSalesforce status=SUCCESS method=ExamDashReport.LoginSalesforce()[pri:2, instance:GetExamAllureReport.ExamDashReport@6cd24612] output={null}]]]>
              </value>
            </param>
          </params>
          <reporter-output>
          </reporter-output>
        </test-method> <!-- afterMethods -->
        <test-method signature="ClearUrl()[pri:3, instance:GetExamAllureReport.ExamDashReport@6cd24612]" started-at="2022-08-09T09:50:56 IST" name="ClearUrl" finished-at="2022-08-09T09:51:01 IST" duration-ms="4552" status="PASS">
          <reporter-output>
          </reporter-output>
        </test-method> <!-- ClearUrl -->
        <test-method is-config="true" signature="afterMethods(org.testng.ITestResult)[pri:0, instance:GetExamAllureReport.ExamDashReport@6cd24612]" started-at="2022-08-09T09:51:01 IST" name="afterMethods" finished-at="2022-08-09T09:51:01 IST" duration-ms="2" status="PASS">
          <params>
            <param index="0">
              <value>
                <![CDATA[[TestResult name=ClearUrl status=SUCCESS method=ExamDashReport.ClearUrl()[pri:3, instance:GetExamAllureReport.ExamDashReport@6cd24612] output={null}]]]>
              </value>
            </param>
          </params>
          <reporter-output>
          </reporter-output>
        </test-method> <!-- afterMethods -->
        <test-method signature="EnterAPI()[pri:4, instance:GetExamAllureReport.ExamDashReport@6cd24612]" started-at="2022-08-09T09:51:01 IST" name="EnterAPI" finished-at="2022-08-09T09:51:14 IST" duration-ms="12628" status="PASS">
          <reporter-output>
          </reporter-output>
        </test-method> <!-- EnterAPI -->
        <test-method is-config="true" signature="afterMethods(org.testng.ITestResult)[pri:0, instance:GetExamAllureReport.ExamDashReport@6cd24612]" started-at="2022-08-09T09:51:14 IST" name="afterMethods" finished-at="2022-08-09T09:51:14 IST" duration-ms="1" status="PASS">
          <params>
            <param index="0">
              <value>
                <![CDATA[[TestResult name=EnterAPI status=SUCCESS method=ExamDashReport.EnterAPI()[pri:4, instance:GetExamAllureReport.ExamDashReport@6cd24612] output={null}]]]>
              </value>
            </param>
          </params>
          <reporter-output>
          </reporter-output>
        </test-method> <!-- afterMethods -->
        <test-method signature="LoginSalesforceValidate()[pri:5, instance:GetExamAllureReport.ExamDashReport@6cd24612]" started-at="2022-08-09T09:51:14 IST" name="LoginSalesforceValidate" finished-at="2022-08-09T09:51:16 IST" duration-ms="2555" status="PASS">
          <reporter-output>
          </reporter-output>
        </test-method> <!-- LoginSalesforceValidate -->
        <test-method is-config="true" signature="afterMethods(org.testng.ITestResult)[pri:0, instance:GetExamAllureReport.ExamDashReport@6cd24612]" started-at="2022-08-09T09:51:16 IST" name="afterMethods" finished-at="2022-08-09T09:51:16 IST" duration-ms="4" status="PASS">
          <params>
            <param index="0">
              <value>
                <![CDATA[[TestResult name=LoginSalesforceValidate status=SUCCESS method=ExamDashReport.LoginSalesforceValidate()[pri:5, instance:GetExamAllureReport.ExamDashReport@6cd24612] output={null}]]]>
              </value>
            </param>
          </params>
          <reporter-output>
          </reporter-output>
        </test-method> <!-- afterMethods -->
        <test-method signature="NavigateObjectOnSalesforce()[pri:6, instance:GetExamAllureReport.ExamDashReport@6cd24612]" started-at="2022-08-09T09:51:16 IST" name="NavigateObjectOnSalesforce" finished-at="2022-08-09T09:51:46 IST" duration-ms="29927" status="PASS">
          <reporter-output>
          </reporter-output>
        </test-method> <!-- NavigateObjectOnSalesforce -->
        <test-method is-config="true" signature="afterMethods(org.testng.ITestResult)[pri:0, instance:GetExamAllureReport.ExamDashReport@6cd24612]" started-at="2022-08-09T09:51:46 IST" name="afterMethods" finished-at="2022-08-09T09:51:46 IST" duration-ms="1" status="PASS">
          <params>
            <param index="0">
              <value>
                <![CDATA[[TestResult name=NavigateObjectOnSalesforce status=SUCCESS method=ExamDashReport.NavigateObjectOnSalesforce()[pri:6, instance:GetExamAllureReport.ExamDashReport@6cd24612] output={null}]]]>
              </value>
            </param>
          </params>
          <reporter-output>
          </reporter-output>
        </test-method> <!-- afterMethods -->
        <test-method signature="VerifyResponseResults()[pri:7, instance:GetExamAllureReport.ExamDashReport@6cd24612]" started-at="2022-08-09T09:51:46 IST" name="VerifyResponseResults" finished-at="2022-08-09T09:52:07 IST" duration-ms="20894" status="PASS">
          <reporter-output>
            <line>
              <![CDATA[the respose Of the Exam Completed In 7 days & reocrd Count 4]]>
            </line>
          </reporter-output>
        </test-method> <!-- VerifyResponseResults -->
        <test-method is-config="true" signature="afterMethods(org.testng.ITestResult)[pri:0, instance:GetExamAllureReport.ExamDashReport@6cd24612]" started-at="2022-08-09T09:52:07 IST" name="afterMethods" finished-at="2022-08-09T09:52:07 IST" duration-ms="0" status="PASS">
          <params>
            <param index="0">
              <value>
                <![CDATA[[TestResult name=VerifyResponseResults status=SUCCESS method=ExamDashReport.VerifyResponseResults()[pri:7, instance:GetExamAllureReport.ExamDashReport@6cd24612] output=the respose Of the Exam Completed In 7 days & reocrd Count 4]]]>
              </value>
            </param>
          </params>
          <reporter-output>
          </reporter-output>
        </test-method> <!-- afterMethods -->
      </class> <!-- GetExamAllureReport.ExamDashReport -->
    </test> <!-- Default test -->
  </suite> <!-- Default suite -->
</testng-results>
